2017-02-11 13:32:40,399 [Worker-5] INFO  o.e.m.c.i.l.LifecycleMappingFactory - Using org.eclipse.m2e.jdt.JarLifecycleMapping lifecycle mapping for MavenProject: fi.haagahelia.course:StudentListCrud:0.0.1-SNAPSHOT @ C:\Users\IBM_ADMIN\Documents\Java Course\StudentListCrud\StudentList\pom.xml.
2017-02-11 13:32:41,373 [Worker-5] INFO  o.e.m.j.i.AbstractJavaProjectConfigurator - Adding source folder /StudentList/src/main/java
2017-02-11 13:32:41,374 [Worker-5] INFO  o.e.m.j.i.AbstractJavaProjectConfigurator - Adding resource folder /StudentList/src/main/resources
2017-02-11 13:32:41,374 [Worker-5] INFO  o.e.m.j.i.AbstractJavaProjectConfigurator - Adding resource folder /StudentList/src/main/resources
2017-02-11 13:32:41,375 [Worker-5] INFO  o.e.m.j.i.AbstractJavaProjectConfigurator - Adding source folder /StudentList/src/test/java
2017-02-11 13:32:41,651 [Worker-5] INFO  o.e.m.c.i.p.ProjectConfigurationManager - Imported and configured 1 project(s) in 2 sec
2017-02-11 13:32:41,790 [Worker-6] INFO  o.e.m.c.i.l.LifecycleMappingFactory - Using org.eclipse.m2e.jdt.JarLifecycleMapping lifecycle mapping for MavenProject: fi.haagahelia.course:StudentListCrud:0.0.1-SNAPSHOT @ C:\Users\IBM_ADMIN\Documents\Java Course\StudentListCrud\StudentList\pom.xml.
2017-02-11 13:32:43,664 [Worker-5] INFO  o.e.m.c.i.embedder.EclipseLogger - Using 'UTF-8' encoding to copy filtered resources.
2017-02-11 13:32:43,668 [Worker-5] INFO  o.e.m.c.i.embedder.EclipseLogger - Copying 1 resource
2017-02-11 13:32:43,678 [Worker-5] INFO  o.e.m.c.i.embedder.EclipseLogger - Copying 3 resources
2017-02-11 13:32:43,688 [Worker-5] INFO  o.e.m.c.i.embedder.EclipseLogger - Using 'UTF-8' encoding to copy filtered resources.
2017-02-11 13:32:43,689 [Worker-5] INFO  o.e.m.c.i.embedder.EclipseLogger - skip non existing resourceDirectory C:\Users\IBM_ADMIN\Documents\Java Course\StudentListCrud\StudentList\src\test\resources
2017-02-11 13:32:45,263 [Worker-7] INFO  o.e.m.c.i.embedder.EclipseLogger - Using 'UTF-8' encoding to copy filtered resources.
2017-02-11 13:32:45,264 [Worker-7] INFO  o.e.m.c.i.embedder.EclipseLogger - Copying 0 resource
2017-02-11 13:32:45,561 [Worker-7] INFO  o.e.m.c.i.embedder.EclipseLogger - Copying 0 resource
2017-02-11 13:32:45,563 [Worker-7] INFO  o.e.m.c.i.embedder.EclipseLogger - Using 'UTF-8' encoding to copy filtered resources.
2017-02-11 13:32:45,563 [Worker-7] INFO  o.e.m.c.i.embedder.EclipseLogger - skip non existing resourceDirectory C:\Users\IBM_ADMIN\Documents\Java Course\StudentListCrud\StudentList\src\test\resources
2017-02-11 16:53:48,665 [Worker-54] INFO  o.e.m.c.i.l.LifecycleMappingFactory - Using org.eclipse.m2e.jdt.JarLifecycleMapping lifecycle mapping for MavenProject: fi.haagahelia.course:StudentListCrud:0.0.1-SNAPSHOT @ C:\Users\IBM_ADMIN\Documents\Java Course\StudentListOneToMany\StudentList\pom.xml.
2017-02-11 16:53:49,332 [Worker-54] INFO  o.e.m.j.i.AbstractJavaProjectConfigurator - Adding source folder /StudentListCrud/src/main/java
2017-02-11 16:53:49,332 [Worker-54] INFO  o.e.m.j.i.AbstractJavaProjectConfigurator - Adding resource folder /StudentListCrud/src/main/resources
2017-02-11 16:53:49,333 [Worker-54] INFO  o.e.m.j.i.AbstractJavaProjectConfigurator - Adding resource folder /StudentListCrud/src/main/resources
2017-02-11 16:53:49,333 [Worker-54] INFO  o.e.m.j.i.AbstractJavaProjectConfigurator - Adding source folder /StudentListCrud/src/test/java
2017-02-11 16:53:49,479 [Worker-54] INFO  o.e.m.c.i.p.ProjectConfigurationManager - Imported and configured 1 project(s) in 1 sec
2017-02-11 16:53:50,270 [Worker-52] INFO  o.e.m.c.i.l.LifecycleMappingFactory - Using org.eclipse.m2e.jdt.JarLifecycleMapping lifecycle mapping for MavenProject: fi.haagahelia.course:StudentListCrud:0.0.1-SNAPSHOT @ C:\Users\IBM_ADMIN\Documents\Java Course\StudentListOneToMany\StudentList\pom.xml.
2017-02-11 16:53:50,662 [Worker-49] INFO  o.e.m.c.i.embedder.EclipseLogger - Using 'UTF-8' encoding to copy filtered resources.
2017-02-11 16:53:50,666 [Worker-49] INFO  o.e.m.c.i.embedder.EclipseLogger - Copying 1 resource
2017-02-11 16:53:50,680 [Worker-49] INFO  o.e.m.c.i.embedder.EclipseLogger - Copying 3 resources
2017-02-11 16:53:50,690 [Worker-49] INFO  o.e.m.c.i.embedder.EclipseLogger - Using 'UTF-8' encoding to copy filtered resources.
2017-02-11 16:53:50,691 [Worker-49] INFO  o.e.m.c.i.embedder.EclipseLogger - skip non existing resourceDirectory C:\Users\IBM_ADMIN\Documents\Java Course\StudentListOneToMany\StudentList\src\test\resources
2017-02-11 16:53:52,214 [Worker-52] INFO  o.e.m.c.i.embedder.EclipseLogger - Using 'UTF-8' encoding to copy filtered resources.
2017-02-11 16:53:52,215 [Worker-52] INFO  o.e.m.c.i.embedder.EclipseLogger - Copying 0 resource
2017-02-11 16:53:52,215 [Worker-52] INFO  o.e.m.c.i.embedder.EclipseLogger - Copying 0 resource
2017-02-11 16:53:52,217 [Worker-52] INFO  o.e.m.c.i.embedder.EclipseLogger - Using 'UTF-8' encoding to copy filtered resources.
2017-02-11 16:53:52,217 [Worker-52] INFO  o.e.m.c.i.embedder.EclipseLogger - skip non existing resourceDirectory C:\Users\IBM_ADMIN\Documents\Java Course\StudentListOneToMany\StudentList\src\test\resources
